therion 6.2.1 (2024-03-20)
  - using Proj 9.3.1, compiled against 9.3.1
initialization file: C:\Program Files\Therion/therion.ini
reading ... done
configuration file: FJS319-tot-config.thconfig
reading ... done
reading source files ... done
preprocessing database ... done
output coordinate system: UTM31
meridian convergence (deg): -2.0588
geomag declinations (deg):
  2024.1.1  2.7368
  2025.1.1  2.8987
scanning centreline tree ... done
searching for centerline loops ... done
calculating station coordinates ... done
calculating basic statistics ... done
processing extended elevation ... done
processing references ... done
selecting export objects ... done
processing projection plan ... done
average distortion: 0.00%


############### export maps & scraps selection #################
M  1447.00 FJS319-tot_MP@FJS319 ()
M  1447.00 FJS319_2024_10_13_MP@FJS319_2024_10_13.FJS319 (FJS319_2024_10_13)
S  1447.00 FJS319_SP1@FJS319_2024_10_13.FJS319 ()
########## end of export maps & scraps selection ###############
writing Outputs/FJS319-tot-plan.pdf ...
####################### metapost log file ########################
This is MetaPost, version 2.01 (TeX Live 2021/W32TeX) (kpathsea version 6.3.3)  16 OCT 2024 09:14
**data.mp
(c:/Program Files/Therion/texmf/mpost/mpost.mp
(c:/Program Files/Therion/texmf/mpost/plain.mp
Preloading the plain mem file, version 1.005) ) (./data.mp
{randomseed:=42}
 [1] [2] [3] [4]
[5] [6] [7] [8] [9] [10] [11] [12] [13] [14]
[15] [1] [2] [3] (./mptextmp.mp) [4] (./mptextmp.mp) (./mptextmp.mp)
(./mptextmp.mp) (./mptextmp.mp) (./mptextmp.mp) (./mptextmp.mp) [5] )
 
Here is how much of MetaPost's memory you used:
 2092 strings using 55755 characters
 3542760 bytes of node memory
 1736 symbolic tokens
 9i,82n,16p,361b,5f stack positions out of 16i,98n,20p,390b,6f
20 output files written: data-patt.1 .. data-patt.15


#################### end of metapost log file ####################
converting scraps ... done
making map ... done
######################## pdftex log file #########################
This is pdfTeX, Version 3.141592653-2.6-1.40.22 (TeX Live 2021/W32TeX) (preloaded format=pdfetex 2023.12.2)  16 OCT 2024 09:14
entering extended mode
**data.tex
(./data.tex (./th_enc.tex) (./th_texts.tex) (./th_resources.tex
(c:/Program Files/Therion/texmf/tex/glyphtounicode.tex)) (./th_fontdef.tex{c:/P
rogram Files/Therion/texmf/fonts/pdftex.map})
(./th_formdef.tex) (./th_pagedef.tex) (./th_pages.tex)
 57 numeric registers used out of 32768
 [1] ) 
Here is how much of TeX's memory you used:
 306 strings out of 95671
 4113 string characters out of 1192323
 18999 words of memory out of 1506042
 1698 multiletter control sequences out of 15000+50000
 22382 words of font info for 69 fonts, out of 1000000 for 2000
 844 hyphenation exceptions out of 5000
 9i,5n,8p,529b,54s stack positions out of 5000i,500n,10000p,200000b,50000s
<c:/Program Files/Therion/texmf/fonts/type1/cmbx10.pfb><c:/Program Files/
Therion/texmf/fonts/type1/cmss10.pfb><c:/Program Files/Therion/texmf/fonts/type
1/cmssi10.pfb><c:/Program Files/Therion/texmf/fonts/type1/cmti10.pfb><c:/Progra
m Files/Therion/texmf/fonts/type1/csssi10.pfb>
Output written on data.pdf (1 page, 56650 bytes).
PDF statistics:
 65 PDF objects out of 1000 (max. 8388607)
 38 compressed objects within 1 object stream
 0 named destinations out of 1000 (max. 500000)
 103 words of extra memory for PDF output out of 10000 (max. 10000000)


##################### end of pdftex log file #####################
done
writing xtherion file ... done
compilation time: 2 sec


###################### scrap distortions #######################
 PROJECTION: plan
 AVERAGE  MAXIMAL  SCRAP
   0.00%    0.00%  FJS319_SP1@FJS319_2024_10_13.FJS319
################### end of scrap distortions ###################

############# CRS transformations chosen by PROJ ###############
  Area of Use (AoU): (5.891, 45.388) (5.891, 45.388)
  [UTM31 → LONG-LAT] AoU: [yes] transformation: [Inverse of UTM zone 31N + axis order change (2D)] definition: [proj=pipeline step inv proj=utm zone=31 ellps=WGS84 step proj=unitconvert xy_in=rad xy_out=deg] accuracy: [0.000 m]
  [UTM31 → LAT-LONG] AoU: [no] transformation: [Inverse of UTM zone 31N + axis order change (2D)] definition: [proj=pipeline step inv proj=utm zone=31 ellps=WGS84 step proj=unitconvert xy_in=rad xy_out=deg] accuracy: [0.000 m]
  [UTM31 → UTM31] AoU: [yes] transformation: [Inverse of UTM zone 31N + UTM zone 31N] definition: [proj=noop ellps=GRS80] accuracy: [0.000 m]
  [UTM31 → EPSG:4326] AoU: [yes] transformation: [Inverse of UTM zone 31N + axis order change (2D)] definition: [proj=pipeline step inv proj=utm zone=31 ellps=WGS84 step proj=unitconvert xy_in=rad xy_out=deg] accuracy: [0.000 m]
  [EPSG:4326 → UTM31] AoU: [yes] transformation: [axis order change (2D) + UTM zone 31N] definition: [proj=pipeline step proj=unitconvert xy_in=deg xy_out=rad step proj=utm zone=31 ellps=WGS84] accuracy: [0.000 m]
########## end of CRS transformations chosen by PROJ ###########
