therion 6.2.1 (2024-03-20)
  - using Proj 9.3.1, compiled against 9.3.1
initialization file: C:\Program Files\Therion/therion.ini
reading ... done
configuration file: Turbine-tot-config.thconfig
reading ... done
reading source files ... done
preprocessing database ... done
output coordinate system: UTM31
meridian convergence (deg): -2.0593
geomag declinations (deg):
  1992.1.1  -1.3374
  1993.1.1  -1.2339
  1994.1.1  -1.1305
  1995.1.1  -1.0271
  1996.1.1  -0.9110
  1997.1.1  -0.7950
  1998.1.1  -0.6790
  1999.1.1  -0.5632
  2000.1.1  -0.4474
  2001.1.1  -0.3386
  2002.1.1  -0.2298
  2003.1.1  -0.1211
  2004.1.1  -0.0125
  2005.1.1  0.0960
  2006.1.1  0.2110
  2007.1.1  0.3258
  2008.1.1  0.4405
  2009.1.1  0.5551
  2010.1.1  0.6694
  2011.1.1  0.8019
  2012.1.1  0.9343
  2013.1.1  1.0665
  2014.1.1  1.1985
  2015.1.1  1.3303
  2016.1.1  1.4822
  2017.1.1  1.6339
  2018.1.1  1.7854
  2019.1.1  1.9367
  2020.1.1  2.0878
  2021.1.1  2.2504
  2022.1.1  2.4128
  2023.1.1  2.5750
  2024.1.1  2.7370
scanning centreline tree ... done
searching for centerline loops ... done
calculating station coordinates ... done
average loop error: 1.43%
calculating basic statistics ... done
processing extended elevation ... done
processing references ... done
selecting export objects ... done
processing projection plan ... done
average distortion: 2.26%


############### export maps & scraps selection #################
M  1416.74 Turbine-tot-MP@Turbine ()
M  1431.26 bl30_2023_10_07_MP-@2023_10_07.Turbine ()
S  1434.59 scrap1@2023_10_07.Turbine ()
S  1411.45 scrap2@2023_10_07.Turbine ()
S  1428.60 scrap3@2023_10_07.Turbine ()
S  1450.40 scrap4@2023_10_07.Turbine ()
M  1459.70 bl30_2023_10_07_MP--@2023_10_07.Turbine ()
S  1459.70 scrap5@2023_10_07.Turbine ()
M  1446.27 bl30_2023_10_28_MP-@2023_10_28.Turbine ()
S  1446.27 scrap2@2023_10_28.Turbine ()
M  1437.53 bl30_2023_10_07_MP---@2023_10_07.Turbine ()
S  1437.53 scrap6@2023_10_07.Turbine ()
M  1387.72 Turbines_MP-@1992_06_30.Turbine ()
S  1498.68 scrap1@1992_06_30.Turbine ()
S  1448.78 scrap2@1992_06_30.Turbine ()
S  1355.36 scrap3@1992_06_30.Turbine ()
S  1351.80 scrap4@1992_06_30.Turbine ()
S  1334.64 scrap5@1992_06_30.Turbine ()
S  1337.03 scrap6@1992_06_30.Turbine ()
M  1323.36 Turbines_MP--@1992_06_30.Turbine ()
S  1323.36 scrap7@1992_06_30.Turbine ()
M  1395.29 bl30_2023_10_28_MP--@2023_10_28.Turbine ()
S  1453.93 scrap1@2023_10_28.Turbine ()
S  1434.23 scrap3@2023_10_28.Turbine ()
S  1423.69 scrap4@2023_10_28.Turbine ()
S  1420.09 scrap5@2023_10_28.Turbine ()
S  1374.67 scrap6@2023_10_28.Turbine ()
S  1343.18 scrap7@2023_10_28.Turbine ()
S  1317.26 scrap8@2023_10_28.Turbine ()
########## end of export maps & scraps selection ###############
writing Outputs/turbine-tot-plan-500-color.pdf ...
####################### metapost log file ########################
This is MetaPost, version 2.01 (TeX Live 2021/W32TeX) (kpathsea version 6.3.3)  2 JUL 2024 21:12
**data.mp
(c:/Program Files/Therion/texmf/mpost/mpost.mp
(c:/Program Files/Therion/texmf/mpost/plain.mp
Preloading the plain mem file, version 1.005) ) (./data.mp
{randomseed:=42}
 [1] [2] [3] [4]
[5] [6] [7] [8] [9] [10] [11] [12] [13] [14]
[15]
[Warning: obsolete transparent colour definition 'tr_lgrey']
[Warning: obsolete transparent colour definition 'tr_lchamois']
[Warning: obsolete transparent colour definition 'tr_lqueue']
[Warning: obsolete transparent colour definition 'tr_largile']
[Warning: obsolete transparent colour definition 'tr_ttg'] [1] [2] [3] [4]
[5] [6] [7] [8] [9] [10] [11] [12] [13] [14] [15] [16] [17] [18] [19] [20]
[21] [22] [23] [24] [25] [26] [27] [28] [29] [30] [31] [32] [33] [34] [35]
[36] [37] [38] [39] [40] [41] [42] [43] [44] [45] [46] [47] [48] [49] [50]
[51] [52] [53] [54] [55] [56] [57] [58] [59] [60] [61] [62] [63] [64] [65]
[66] [67] [68] [69] [70] [71] [72] [73] [74] [75] [76] [77] [78] [79] [80]
[81] [82] (./mptextmp.mp) [83] (./mptextmp.mp) (./mptextmp.mp) (./mptextmp.mp)
(./mptextmp.mp) (./mptextmp.mp) (./mptextmp.mp) [84] (./mptextmp.mp)
(./mptextmp.mp) (./mptextmp.mp) (./mptextmp.mp) [85] )
 
Here is how much of MetaPost's memory you used:
 21633 strings using 514740 characters
 4091624 bytes of node memory
 1739 symbolic tokens
 11i,82n,19p,455b,5f stack positions out of 16i,98n,20p,487b,6f
100 output files written: data-patt.1 .. data.85


#################### end of metapost log file ####################
converting scraps ... done
making map ... done
######################## pdftex log file #########################
This is pdfTeX, Version 3.141592653-2.6-1.40.22 (TeX Live 2021/W32TeX) (preloaded format=pdfetex 2023.12.2)  2 JUL 2024 21:12
entering extended mode
**data.tex
(./data.tex (./th_enc.tex) (./th_texts.tex) (./th_resources.tex
(c:/Program Files/Therion/texmf/tex/glyphtounicode.tex)) (./th_fontdef.tex{c:/P
rogram Files/Therion/texmf/fonts/pdftex.map}<<th_gour_aaaaaaa.dat>><<th_gour_aa
aaaac.dat>><<th_gour_aaaaaae.dat>><<th_gour_aaaaaag.dat>><<th_gour_aaaaaai.dat>
><<th_gour_aaaaaba.dat>><<th_gour_aaaaabc.dat>><<th_gour_aaaaabe.dat>><<th_gour
_aaaaabf.dat>><<th_gour_aaaaabg.dat>><<th_gour_aaaaabh.dat>><<th_gour_aaaaabj.d
at>><<th_gour_aaaaacb.dat>><<th_gour_aaaaacd.dat>><<th_gour_aaaaacf.dat>><<th_g
our_aaaaach.dat>><<th_gour_aaaaacj.dat>><<th_gour_aaaaadb.dat>><<th_gour_aaaaad
c.dat>><<th_gour_aaaaade.dat>><<th_gour_aaaaadg.dat>><<th_gour_aaaaadi.dat>><<t
h_gour_aaaaaea.dat>><<th_gour_aaaaaec.dat>><<th_gour_aaaaaee.dat>>)
(./th_formdef.tex
Normal \count register pool exhausted, switching to extended pool.)
(./th_pagedef.tex (./th_legendcolor.tex)) (./th_pages.tex)
 253 numeric registers used out of 32768
 [1] ) 
Here is how much of TeX's memory you used:
 523 strings out of 95671
 6730 string characters out of 1192323
 58283 words of memory out of 1543326
 1912 multiletter control sequences out of 15000+50000
 23531 words of font info for 72 fonts, out of 1000000 for 2000
 844 hyphenation exceptions out of 5000
 10i,6n,9p,757b,54s stack positions out of 5000i,500n,10000p,200000b,50000s
<c:/Program Files/Therion/texmf/fonts/type1/cmbx10.pfb><c:/Program Files/
Therion/texmf/fonts/type1/cmss10.pfb><c:/Program Files/Therion/texmf/fonts/type
1/cmssi10.pfb><c:/Program Files/Therion/texmf/fonts/type1/cmti10.pfb><c:/Progra
m Files/Therion/texmf/fonts/type1/csss10.pfb><c:/Program Files/Therion/texmf/fo
nts/type1/csssi10.pfb>
Output written on data.pdf (1 page, 291614 bytes).
PDF statistics:
 522 PDF objects out of 1000 (max. 8388607)
 269 compressed objects within 3 object streams
 0 named destinations out of 1000 (max. 500000)
 1509 words of extra memory for PDF output out of 10000 (max. 10000000)


##################### end of pdftex log file #####################
done
writing Outputs/Commentaire.html ... done
writing xtherion file ... done
compilation time: 2 sec


######################### loop errors ##########################
REL-ERR ABS-ERR TOTAL-L STS X-ERROR Y-ERROR Z-ERROR STATIONS
  1.43%    1.7m  116.3m  26   -1.6m    0.5m   -0.3m [dp_stat_@bl30_2023_10_28.2023_10_28.Turbine - dp_stat_1 - dp_stat_2 - dp_stat_3 - dp_stat_4 - dp_stat_5 - dp_stat_6 - dp_stat_7 - dp_stat_8 - dp_stat_9 - dp_stat_10 - dp_stat_11 - dp_stat_12 - dp_stat_13 - dp_stat_14 - dp_stat_15 - dp_stat_16 = dp_stat_a15@bl30_2023_10_07.2023_10_07.Turbine - dp_stat_a14 - dp_stat_a13 - dp_stat_a12 - dp_stat_a11 - dp_stat_a10 - dp_stat_a9 - dp_stat_a8 - dp_stat_a7 - dp_stat_a6 - dp_stat_a5 = dp_stat_@bl30_2023_10_28.2023_10_28.Turbine]
##################### end of loop errors #######################


###################### scrap distortions #######################
 PROJECTION: plan
 AVERAGE  MAXIMAL  SCRAP
  28.47%   81.29%  scrap4@2023_10_28.Turbine
   4.05%   73.99%  scrap7@1992_06_30.Turbine
   8.26%   64.90%  scrap1@2023_10_07.Turbine
   2.78%   55.36%  scrap6@2023_10_07.Turbine
   3.66%   55.25%  scrap1@1992_06_30.Turbine
   3.94%   46.22%  scrap6@1992_06_30.Turbine
   6.00%   41.45%  scrap5@1992_06_30.Turbine
   3.17%   34.70%  scrap3@1992_06_30.Turbine
   5.04%   32.17%  scrap4@1992_06_30.Turbine
   2.90%   23.21%  scrap2@1992_06_30.Turbine
   0.38%   11.59%  scrap5@2023_10_07.Turbine
   1.05%    7.04%  scrap3@2023_10_28.Turbine
   0.47%    3.56%  scrap2@2023_10_28.Turbine
   0.02%    0.72%  scrap4@2023_10_07.Turbine
   0.00%    0.05%  scrap5@2023_10_28.Turbine
   0.00%    0.04%  scrap8@2023_10_28.Turbine
   0.00%    0.04%  scrap7@2023_10_28.Turbine
   0.02%    0.04%  scrap1@2023_10_28.Turbine
   0.00%    0.03%  scrap3@2023_10_07.Turbine
   0.00%    0.03%  scrap6@2023_10_28.Turbine
   0.00%    0.02%  scrap2@2023_10_07.Turbine
################### end of scrap distortions ###################

############# CRS transformations chosen by PROJ ###############
  Area of Use (AoU): (5.892, 45.374) (5.892, 45.374)
  [UTM31 → LONG-LAT] AoU: [yes] transformation: [Inverse of UTM zone 31N + axis order change (2D)] definition: [proj=pipeline step inv proj=utm zone=31 ellps=WGS84 step proj=unitconvert xy_in=rad xy_out=deg] accuracy: [0.000 m]
  [UTM31 → LAT-LONG] AoU: [no] transformation: [Inverse of UTM zone 31N + axis order change (2D)] definition: [proj=pipeline step inv proj=utm zone=31 ellps=WGS84 step proj=unitconvert xy_in=rad xy_out=deg] accuracy: [0.000 m]
  [UTM31 → UTM31] AoU: [yes] transformation: [Inverse of UTM zone 31N + UTM zone 31N] definition: [proj=noop ellps=GRS80] accuracy: [0.000 m]
  [UTM31 → EPSG:4326] AoU: [yes] transformation: [Inverse of UTM zone 31N + axis order change (2D)] definition: [proj=pipeline step inv proj=utm zone=31 ellps=WGS84 step proj=unitconvert xy_in=rad xy_out=deg] accuracy: [0.000 m]
  [EPSG:4326 → UTM31] AoU: [yes] transformation: [axis order change (2D) + UTM zone 31N] definition: [proj=pipeline step proj=unitconvert xy_in=deg xy_out=rad step proj=utm zone=31 ellps=WGS84] accuracy: [0.000 m]
########## end of CRS transformations chosen by PROJ ###########
