therion 5.4.4 (2019-05-01)
initialization file: /etc/therion.ini
reading ... done
checking optional fonts csr10 csti10 csbx10 csss10 csssi10 ... NOT INSTALLED
checking optional fonts cmcyr10 cmcti10 cmcbx10 cmcss10 cmcssi10 ... NOT INSTALLED
configuration file: 2024_07_14-config.thconfig
reading ... done
reading source files ... done
preprocessing database ... done
scanning centreline tree ... done
searching for centerline loops ... done
calculating station coordinates ... done
processing survey data ... 
####################### cavern log file ########################
 1> Survex 1.2.42
 2> Copyright © 1990-2018 Olly Betts
 3> La topographie n’a pas de points fixes. Par conséquent j’ai fixé 1 à (0,0,0)
 4> 
 5> La topographie contient 385 stations, connectées par 384 visées.
 6> Il y a 1 bouclage.
 7> La topographie contient 2 composants connectés.
 8> Longueur totale de la topographie = 1328.51m (1328.51m ajusté)
 9> Longueur totale en projection horizontale = 1022.77m
10> Longueur totale verticale =  564.05m
11> Intervalle vertical = 91.61m (de 18 à 29.58m jusqu’à 361 à -62.03m)
12> Intervalle Nord-Sud = 66.08m (de 297 à 57.23m jusqu’à 4 à -8.85m)
13> Intervalle Est-Ouest = 152.05m (de 25 à 25.59m jusqu’à 363 à -126.46m)
14>  319 1-nœuds.
15>    5 2-nœuds.
16>    3 3-nœuds.
17>    3 4-nœuds.
18>   11 5-nœuds.
19>   15 6-nœuds.
20>    9 7-nœuds.
21>    2 8-nœuds.
22>    4 9-nœuds.
23>    4 10-nœuds.
24>    5 11-nœuds.
25>    4 12-nœuds.
26>    1 15-nœud.
27> 
######################### transcription ########################
 3> 1 : 0@fond_Cavernicole.2024_07_14
 5> 385 : 66@fond_Cavernicole.2024_07_14 -- 384 : .@fond_Cavernicole.2024_07_14
 6> 1 : 0@fond_Cavernicole.2024_07_14
 7> 2 : .@fond_Cavernicole.2024_07_14
11> 18 : .@fond_Cavernicole.2024_07_14 -- 361 : 55@fond_Cavernicole.2024_07_14
12> 297 : .@fond_Cavernicole.2024_07_14 -- 4 : .@fond_Cavernicole.2024_07_14
13> 25 : .@fond_Cavernicole.2024_07_14 -- 363 : .@fond_Cavernicole.2024_07_14
14> 319 : .@fond_Cavernicole.2024_07_14
15> 5 : .@fond_Cavernicole.2024_07_14
16> 3 : .@fond_Cavernicole.2024_07_14
17> 3 : .@fond_Cavernicole.2024_07_14
18> 11 : .@fond_Cavernicole.2024_07_14
19> 15 : .@fond_Cavernicole.2024_07_14
20> 9 : 1@fond_Cavernicole.2024_07_14
21> 2 : .@fond_Cavernicole.2024_07_14
22> 4 : .@fond_Cavernicole.2024_07_14
23> 4 : .@fond_Cavernicole.2024_07_14
24> 5 : .@fond_Cavernicole.2024_07_14
25> 4 : .@fond_Cavernicole.2024_07_14
26> 1 : 0@fond_Cavernicole.2024_07_14
#################### end of cavern log file ####################
done
calculating basic statistics ... done
processing extended elevation ... done
processing references ... done
selecting export objects ... done
processing projection plan ... done
average distortion: 0.00%
writing Data/2024_07_14-th_p.xvi ... done
processing projection extended ... done
writing Data/2024_07_14-th_e.xvi ... done
writing Outputs/2024_07_14-plan.pdf ...
####################### metapost log file ########################
This is MetaPost, version 2.00 (TeX Live 2019/Debian) (kpathsea version 6.3.1)  5 AUG 2024 08:22
**data.mp
(/usr/share/texlive/texmf-dist/metapost/base/mpost.mp
(/usr/share/texlive/texmf-dist/metapost/base/plain.mp
Preloading the plain mem file, version 1.005) ) (./data.mp
{randomseed:=42}
 [4001] [4002] [4003] [4004] [4005] [4006] [4007] [4008] [4009] [4010] [4011] [
4012] [4013]
[4014] [1] [2] [3] [4] [5]
[Warning: scrap outline intersects itself in scrap fond_Cavernicole_sp7@2024_07
_14] [6] [7] [8] [9] [10] [11] [12] [13] [14] [15] [16]
[Warning: scrap outline intersects itself in scrap fond_Cavernicole_sp4@2024_07
_14] [17] [18] [19] [20] [21] [22] [23] [24] [25] [26] [27] [28] [29] [30]
[31] (./mptextmp.mp) [32] (./mptextmp.mp) (./mptextmp.mp) (./mptextmp.mp)
(./mptextmp.mp) (./mptextmp.mp) (./mptextmp.mp) [33] )
 
Here is how much of MetaPost's memory you used:
 10055 strings using 230822 characters
 3222888 bytes of node memory
 1485 symbolic tokens
 11i,82n,16p,382b,5f stack positions out of 16i,98n,17p,390b,6f
47 output files written: data.1 .. data.4014


#################### end of metapost log file ####################
converting scraps ... done
making map ... done
######################## pdftex log file #########################
This is pdfTeX, Version 3.14159265-2.6-1.40.20 (TeX Live 2019/Debian) (preloaded format=pdfetex 2024.4.16)  5 AUG 2024 08:22
entering extended mode
 restricted \write18 enabled.
 %&-line parsing enabled.
**data.tex
(./data.tex (./th_enc.tex) (./th_texts.tex) (./th_resources.tex
(/usr/share/texlive/texmf-dist/tex/generic/pdftex/glyphtounicode.tex))
(./th_fontdef.tex{/var/lib/texmf/fonts/map/pdftex/updmap/pdftex.map})
(./th_formdef.tex) (./th_pagedef.tex) (./th_pages.tex)
 88 numeric registers used out of 32768
 [1] ) 
Here is how much of TeX's memory you used:
 299 strings out of 497099
 3072 string characters out of 6206935
 42912 words of memory out of 5000000
 1531 multiletter control sequences out of 15000+600000
 16414 words of font info for 55 fonts, out of 8000000 for 9000
 14 hyphenation exceptions out of 8191
 9i,5n,8p,589b,51s stack positions out of 5000i,500n,10000p,200000b,80000s
</usr/share/texlive/texmf-dist/fonts/type1/public/amsfonts/cm/cmbx10.pfb>
</usr/share/texlive/texmf-dist/fonts/type1/public/amsfonts/cm/cmss10.pfb></usr/
share/texlive/texmf-dist/fonts/type1/public/amsfonts/cm/cmssi10.pfb></usr/share
/texlive/texmf-dist/fonts/type1/public/amsfonts/cm/cmti10.pfb>
Output written on data.pdf (1 page, 130910 bytes).
PDF statistics:
 136 PDF objects out of 1000 (max. 8388607)
 73 compressed objects within 1 object stream
 0 named destinations out of 1000 (max. 500000)
 331 words of extra memory for PDF output out of 10000 (max. 10000000)


##################### end of pdftex log file #####################
done
writing Outputs/2024_07_14.lox .........
therion: warning -- fond_Cavernicole_sp5@2024_07_14 -- multiple scrap outer outlines not supported yet
.. done
writing xtherion file ... done
compilation time: 4 sec


###################### scrap distortions #######################
 PROJECTION: plan
 AVERAGE  MAXIMAL  SCRAP
   0.00%    0.04%  fond_Cavernicole_sp4@2024_07_14
   0.00%    0.04%  fond_Cavernicole_sp7@2024_07_14
   0.00%    0.02%  fond_Cavernicole_sp3@2024_07_14
   0.00%    0.02%  fond_cav_sp1@2024_07_14
   0.00%    0.01%  fond_cav_sp2@2024_07_14
   0.00%    0.01%  fond_Cavernicole_sp5@2024_07_14
   0.00%    0.01%  fond_cavernicole_sp6@2024_07_14
   0.00%    0.01%  fond_Cavericole_sp4b@2024_07_14
################### end of scrap distortions ###################
