therion 6.2.1 (2024-03-20)
  - using Proj 9.3.1, compiled against 9.3.1
initialization file: C:\Program Files\Therion/therion.ini
reading ... done
configuration file: 1990_06_30-config.thconfig
reading ... done
reading source files ... done
preprocessing database ... done
output coordinate system: UTM31
meridian convergence (deg): -2.0560
geomag declinations (deg):
  1990.1.1  -1.5466
  1991.1.1  -1.4430
scanning centreline tree ... done
searching for centerline loops ... done
calculating station coordinates ... done
calculating basic statistics ... done
processing extended elevation ... done
processing references ... done
selecting export objects ... done
processing projection plan ... done
average distortion: 0.10%


############### export maps & scraps selection #################
M  1547.70 Chainons_MP@1990_06_30 ()
S  1580.00 Chainons_SP1@1990_06_30 ()
S  1572.74 Chainons_SP2@1990_06_30 ()
S  1547.30 Chainons_SP3@1990_06_30 ()
S  1553.43 Chainons_SP4@1990_06_30 ()
S  1563.20 Chainons_SP5@1990_06_30 ()
S  1570.14 Chainons_SP6@1990_06_30 ()
S  1527.97 Chainons_SP7@1990_06_30 ()
S  1523.97 Chainons_SP8@1990_06_30 ()
S  1511.80 Chainons_SP9@1990_06_30 ()
S  1543.21 Chainons_SP10@1990_06_30 ()
S  1520.87 Chainons_SP11@1990_06_30 ()
S  1535.78 Chainons_SP12@1990_06_30 ()
S     -.-- Chainons_SP12bis@1990_06_30 ()
S  1550.83 Chainons_SP13@1990_06_30 ()
S  1566.60 Chainons_SP14@1990_06_30 ()
########## end of export maps & scraps selection ###############
writing Outputs/1990_06_30-plan.pdf ...
####################### metapost log file ########################
This is MetaPost, version 2.01 (TeX Live 2021/W32TeX) (kpathsea version 6.3.3)  9 OCT 2024 08:26
**data.mp
(c:/Program Files/Therion/texmf/mpost/mpost.mp
(c:/Program Files/Therion/texmf/mpost/plain.mp
Preloading the plain mem file, version 1.005) ) (./data.mp
{randomseed:=42}
 [1] [2] [3] [4]
[5] [6] [7] [8] [9] [10] [11] [12] [13] [14]
[15] [1] [2] [3]
[Warning: scrap outline intersects itself in scrap Chainons_SP13@1990_06_30]
[4] [5] [6] [7] [8] [9] [10] [11] [12] [13] [14] [15]
[Warning: scrap outline intersects itself in scrap Chainons_SP9@1990_06_30]
[16] [17] [18] [19] [20] [21] [22] [23] [24] [25] [26] [27] [28] [29] [30]
[31] [32] [33]
[Warning: scrap outline intersects itself in scrap Chainons_SP3@1990_06_30]
[34] [35] [36] [37] [38] [39] [40] [41] [42] (./mptextmp.mp) [43]
(./mptextmp.mp) (./mptextmp.mp) (./mptextmp.mp) (./mptextmp.mp) (./mptextmp.mp)
(./mptextmp.mp) [44] (./mptextmp.mp) (./mptextmp.mp) (./mptextmp.mp)
(./mptextmp.mp) (./mptextmp.mp) (./mptextmp.mp) (./mptextmp.mp) [45] )
 
Here is how much of MetaPost's memory you used:
 14310 strings using 334396 characters
 3849912 bytes of node memory
 1744 symbolic tokens
 10i,82n,19p,518b,5f stack positions out of 16i,98n,20p,608b,6f
60 output files written: data-patt.1 .. data.45


#################### end of metapost log file ####################
converting scraps ... done
making map ... done
######################## pdftex log file #########################
This is pdfTeX, Version 3.141592653-2.6-1.40.22 (TeX Live 2021/W32TeX) (preloaded format=pdfetex 2023.12.2)  9 OCT 2024 08:26
entering extended mode
**data.tex
(./data.tex (./th_enc.tex) (./th_texts.tex) (./th_resources.tex
(c:/Program Files/Therion/texmf/tex/glyphtounicode.tex)) (./th_fontdef.tex{c:/P
rogram Files/Therion/texmf/fonts/pdftex.map}<<th_gour_aaaaaaa.dat>><<th_gour_aa
aaaab.dat>><<th_gour_aaaaaac.dat>><<th_gour_aaaaaad.dat>><<th_gour_aaaaaae.dat>
><<th_gour_aaaaaaf.dat>><<th_gour_aaaaaag.dat>><<th_gour_aaaaaah.dat>><<th_gour
_aaaaaai.dat>><<th_gour_aaaaaaj.dat>><<th_gour_aaaaaba.dat>><<th_gour_aaaaabb.d
at>><<th_gour_aaaaabc.dat>><<th_gour_aaaaabd.dat>>)
(./th_formdef.tex) (./th_pagedef.tex (./th_legendcolor.tex)) (./th_pages.tex)
 140 numeric registers used out of 32768

[1] ) 
Here is how much of TeX's memory you used:
 392 strings out of 95671
 5107 string characters out of 1192323
 36405 words of memory out of 1522448
 1781 multiletter control sequences out of 15000+50000
 23531 words of font info for 72 fonts, out of 1000000 for 2000
 844 hyphenation exceptions out of 5000
 10i,6n,8p,577b,54s stack positions out of 5000i,500n,10000p,200000b,50000s
<c:/Program Files/Therion/texmf/fonts/type1/cmbx10.pfb><c:/Program Files/T
herion/texmf/fonts/type1/cmss10.pfb><c:/Program Files/Therion/texmf/fonts/type1
/cmssi10.pfb><c:/Program Files/Therion/texmf/fonts/type1/cmti10.pfb><c:/Program
 Files/Therion/texmf/fonts/type1/csss10.pfb><c:/Program Files/Therion/texmf/fon
ts/type1/csssi10.pfb>
Output written on data.pdf (1 page, 130423 bytes).
PDF statistics:
 237 PDF objects out of 1000 (max. 8388607)
 127 compressed objects within 2 object streams
 0 named destinations out of 1000 (max. 500000)
 635 words of extra memory for PDF output out of 10000 (max. 10000000)


##################### end of pdftex log file #####################
done
writing xtherion file ... done
compilation time: 2 sec


###################### scrap distortions #######################
 PROJECTION: plan
 AVERAGE  MAXIMAL  SCRAP
   0.43%   24.66%  Chainons_SP5@1990_06_30
   0.15%    4.82%  Chainons_SP2@1990_06_30
   0.09%    2.23%  Chainons_SP9@1990_06_30
   0.49%    2.16%  Chainons_SP8@1990_06_30
   0.25%    1.84%  Chainons_SP13@1990_06_30
   0.13%    1.61%  Chainons_SP7@1990_06_30
   0.35%    1.39%  Chainons_SP1@1990_06_30
   0.34%    1.23%  Chainons_SP6@1990_06_30
   0.01%    1.18%  Chainons_SP10@1990_06_30
   0.12%    0.98%  Chainons_SP12@1990_06_30
   0.34%    0.98%  Chainons_SP14@1990_06_30
   0.00%    0.01%  Chainons_SP3@1990_06_30
   0.00%    0.01%  Chainons_SP4@1990_06_30
   0.00%    0.00%  Chainons_SP11@1990_06_30
   0.00%    0.00%  Chainons_SP12bis@1990_06_30
################### end of scrap distortions ###################

############# CRS transformations chosen by PROJ ###############
  Area of Use (AoU): (5.887, 45.381) (5.887, 45.381)
  [UTM31 → LONG-LAT] AoU: [yes] transformation: [Inverse of UTM zone 31N + axis order change (2D)] definition: [proj=pipeline step inv proj=utm zone=31 ellps=WGS84 step proj=unitconvert xy_in=rad xy_out=deg] accuracy: [0.000 m]
  [UTM31 → LAT-LONG] AoU: [no] transformation: [Inverse of UTM zone 31N + axis order change (2D)] definition: [proj=pipeline step inv proj=utm zone=31 ellps=WGS84 step proj=unitconvert xy_in=rad xy_out=deg] accuracy: [0.000 m]
  [UTM31 → UTM31] AoU: [yes] transformation: [Inverse of UTM zone 31N + UTM zone 31N] definition: [proj=noop ellps=GRS80] accuracy: [0.000 m]
  [UTM31 → EPSG:4326] AoU: [yes] transformation: [Inverse of UTM zone 31N + axis order change (2D)] definition: [proj=pipeline step inv proj=utm zone=31 ellps=WGS84 step proj=unitconvert xy_in=rad xy_out=deg] accuracy: [0.000 m]
  [EPSG:4326 → UTM31] AoU: [yes] transformation: [axis order change (2D) + UTM zone 31N] definition: [proj=pipeline step proj=unitconvert xy_in=deg xy_out=rad step proj=utm zone=31 ellps=WGS84] accuracy: [0.000 m]
########## end of CRS transformations chosen by PROJ ###########
