therion 6.3.1 (2024-11-22)
  - using Proj 9.4.1, compiled against 9.4.1
initialization file: C:\Program Files\Therion/therion.ini
reading ... done
configuration file: Guiers_Vif-tot-config.thconfig
reading ... done
reading source files ... done
preprocessing database ... done
output coordinate system: UTM31
meridian convergence (deg): -2.0587
geomag declinations (deg):
  1991.1.1  -1.4426
  1992.1.1  -1.3390
  1993.1.1  -1.2355
  1994.1.1  -1.1321
  1995.1.1  -1.0287
  1996.1.1  -0.9125
  1997.1.1  -0.7965
  1998.1.1  -0.6805
  1999.1.1  -0.5646
  2000.1.1  -0.4488
  2001.1.1  -0.3399
  2002.1.1  -0.2311
  2003.1.1  -0.1223
  2004.1.1  -0.0137
  2005.1.1  0.0948
  2006.1.1  0.2099
  2007.1.1  0.3247
  2008.1.1  0.4395
  2009.1.1  0.5540
  2010.1.1  0.6684
  2011.1.1  0.8010
  2012.1.1  0.9334
  2013.1.1  1.0656
  2014.1.1  1.1977
  2015.1.1  1.3296
  2016.1.1  1.4815
  2017.1.1  1.6333
  2018.1.1  1.7848
  2019.1.1  1.9362
  2020.1.1  2.0874
  2021.1.1  2.2500
  2022.1.1  2.4125
  2023.1.1  2.5747
  2024.1.1  2.7368
  2025.1.1  2.8987
scanning centreline tree ... done
searching for centerline loops ... done
calculating station coordinates ... done
average loop error: 3.97%
calculating basic statistics ... done
processing extended elevation ... done
processing references ... done
selecting export objects ... done
processing projection plan ... done
average distortion: 1.04%


############### export maps & scraps selection #################
M  1174.87 Guiers-Vif-tot-MP@Guiers_Vif ()
M  1188.76 MP-2024-05-25-S1-S2@Intersiphon_S1_S2.Guiers_Vif (Intersiphon S1 - S2 - S4 supendu)
S  1194.86 SP-E3devantS4-1@Intersiphon_S1_S2.Guiers_Vif ()
S  1182.67 GV_S1-S2-1p@Intersiphon_S1_S2.Guiers_Vif ()
M  1213.50 GV7amS1_MP-@1991_12_31_GV_amont_S1.Guiers_Vif ()
S  1191.31 GV7amS1_SP16@1991_12_31_GV_amont_S1.Guiers_Vif ()
S  1132.50 GV7amS1_SP5@1991_12_31_GV_amont_S1.Guiers_Vif ()
S  1215.71 GV7amS1_SP8@1991_12_31_GV_amont_S1.Guiers_Vif ()
S  1188.28 GV7amS1_SP14@1991_12_31_GV_amont_S1.Guiers_Vif ()
S  1191.31 GV7amS1_SP16@1991_12_31_GV_amont_S1.Guiers_Vif ()
S  1188.69 GV7amS1_SP21@1991_12_31_GV_amont_S1.Guiers_Vif ()
S  1196.70 GV7amS1_SP22@1991_12_31_GV_amont_S1.Guiers_Vif ()
S  1194.94 GV7amS1_SP23@1991_12_31_GV_amont_S1.Guiers_Vif ()
S  1203.77 GV7amS1_SP24@1991_12_31_GV_amont_S1.Guiers_Vif ()
S  1206.24 GV7amS1_SP25@1991_12_31_GV_amont_S1.Guiers_Vif ()
S  1211.75 GV7amS1_SP26@1991_12_31_GV_amont_S1.Guiers_Vif ()
S  1222.18 GV7amS1_SP27@1991_12_31_GV_amont_S1.Guiers_Vif ()
S  1190.64 GV7amS1_SP28@1991_12_31_GV_amont_S1.Guiers_Vif ()
S  1182.96 GV7amS1_SP29_bis@1991_12_31_GV_amont_S1.Guiers_Vif ()
S     -.-- GV7amS1_SP31@1991_12_31_GV_amont_S1.Guiers_Vif ()
S  1192.95 GV7amS1_SP32@1991_12_31_GV_amont_S1.Guiers_Vif ()
S  1190.78 GV7amS1_SP33@1991_12_31_GV_amont_S1.Guiers_Vif ()
S  1188.70 GV7amS1_SP34@1991_12_31_GV_amont_S1.Guiers_Vif ()
S  1181.44 GV7amS1_SP35@1991_12_31_GV_amont_S1.Guiers_Vif ()
S  1194.27 GV7amS1_SP36@1991_12_31_GV_amont_S1.Guiers_Vif ()
S  1204.51 GV7amS1_SP37@1991_12_31_GV_amont_S1.Guiers_Vif ()
S  1197.63 GV7amS1_SP38@1991_12_31_GV_amont_S1.Guiers_Vif ()
S  1204.35 GV7amS1_SP39@1991_12_31_GV_amont_S1.Guiers_Vif ()
S  1209.76 GV7amS1_SP40@1991_12_31_GV_amont_S1.Guiers_Vif ()
S  1214.21 GV7amS1_SP41@1991_12_31_GV_amont_S1.Guiers_Vif ()
S  1225.24 GV7amS1_SP42@1991_12_31_GV_amont_S1.Guiers_Vif ()
S  1220.81 GV7amS1_SP43@1991_12_31_GV_amont_S1.Guiers_Vif ()
S  1232.63 GV7amS1_SP44@1991_12_31_GV_amont_S1.Guiers_Vif ()
S  1241.80 GV7amS1_SP45@1991_12_31_GV_amont_S1.Guiers_Vif ()
S  1223.79 GV7amS1_SP46@1991_12_31_GV_amont_S1.Guiers_Vif ()
S  1247.79 GV7amS1_SP47@1991_12_31_GV_amont_S1.Guiers_Vif ()
S  1255.97 GV7amS1_SP48@1991_12_31_GV_amont_S1.Guiers_Vif ()
S  1264.51 GV7amS1_SP49@1991_12_31_GV_amont_S1.Guiers_Vif ()
S  1268.25 GV7amS1_SP50@1991_12_31_GV_amont_S1.Guiers_Vif ()
S  1273.76 GV7amS1_SP51@1991_12_31_GV_amont_S1.Guiers_Vif ()
S  1264.26 GV7amS1_SP52@1991_12_31_GV_amont_S1.Guiers_Vif ()
S  1250.26 GV7amS1_SP53@1991_12_31_GV_amont_S1.Guiers_Vif ()
S  1234.76 GV7amS1_SP54@1991_12_31_GV_amont_S1.Guiers_Vif ()
M  1150.99 GV7amS1_MP--@1991_12_31_GV_amont_S1.Guiers_Vif ()
S  1152.75 GV7amS1_SP6@1991_12_31_GV_amont_S1.Guiers_Vif ()
S  1158.92 GV7amS1_SP7@1991_12_31_GV_amont_S1.Guiers_Vif ()
S  1158.92 GV7amS1_SP9@1991_12_31_GV_amont_S1.Guiers_Vif ()
S  1153.92 GV7amS1_SP18@1991_12_31_GV_amont_S1.Guiers_Vif ()
S  1145.92 GV7amS1_SP17@1991_12_31_GV_amont_S1.Guiers_Vif ()
S  1132.49 GV7amS1_SP19@1991_12_31_GV_amont_S1.Guiers_Vif ()
S  1154.00 GV7amS1_SP20@1991_12_31_GV_amont_S1.Guiers_Vif ()
M  1173.46 GV7amS1_MP---@1991_12_31_GV_amont_S1.Guiers_Vif ()
S  1180.96 GV7amS1_SP29@1991_12_31_GV_amont_S1.Guiers_Vif ()
S  1165.96 GV7amS1_SP30@1991_12_31_GV_amont_S1.Guiers_Vif ()
M  1333.67 gv_05-01-2024_reseau_de_la_cascade_MP@05_01_2024_GV_Cascade.reseau_de_la_cascade.Guiers_Vif (Réseau de la Cascade > 05-01-2024)
S  1352.96 scrap3@05_01_2024_GV_Cascade.reseau_de_la_cascade.Guiers_Vif ()
S  1331.90 scrap2@05_01_2024_GV_Cascade.reseau_de_la_cascade.Guiers_Vif ()
S  1316.15 scrap1@05_01_2024_GV_Cascade.reseau_de_la_cascade.Guiers_Vif ()
M  1203.67 gv_12-03-2022_reseau_de_la_cascade_MP@12_03_2022_GV_Cascade.reseau_de_la_cascade.Guiers_Vif (Réseau de la Cascade > 12-03-2022)
S  1160.83 scrap12@12_03_2022_GV_Cascade.reseau_de_la_cascade.Guiers_Vif ()
S  1183.02 scrap22@12_03_2022_GV_Cascade.reseau_de_la_cascade.Guiers_Vif ()
S  1197.96 scrap32@12_03_2022_GV_Cascade.reseau_de_la_cascade.Guiers_Vif ()
S  1213.41 scrap42@12_03_2022_GV_Cascade.reseau_de_la_cascade.Guiers_Vif ()
S  1229.28 scrap52@12_03_2022_GV_Cascade.reseau_de_la_cascade.Guiers_Vif ()
S  1237.51 scrap62@12_03_2022_GV_Cascade.reseau_de_la_cascade.Guiers_Vif ()
M  1249.18 gv_10-07-2022_reseau_de_la_cascade_MP@10_07_2022_GV_Cascade.reseau_de_la_cascade.Guiers_Vif (Réseau de la Cascade > 10-07-2022)
S  1237.11 scrap1@10_07_2022_GV_Cascade.reseau_de_la_cascade.Guiers_Vif ()
S  1239.50 scrap2@10_07_2022_GV_Cascade.reseau_de_la_cascade.Guiers_Vif ()
S  1242.16 scrap3@10_07_2022_GV_Cascade.reseau_de_la_cascade.Guiers_Vif ()
S  1261.49 scrap4@10_07_2022_GV_Cascade.reseau_de_la_cascade.Guiers_Vif ()
S  1265.67 scrap5@10_07_2022_GV_Cascade.reseau_de_la_cascade.Guiers_Vif ()
M  1281.68 gv_16-12-2023_reseau_de_la_cascade_MP@16_12_2023_GV_Cascade.reseau_de_la_cascade.Guiers_Vif (Réseau de la Cascade > 16-12-2023)
S  1272.78 scrap1@16_12_2023_GV_Cascade.reseau_de_la_cascade.Guiers_Vif ()
S  1277.01 scrap2@16_12_2023_GV_Cascade.reseau_de_la_cascade.Guiers_Vif ()
S  1278.52 scrap3@16_12_2023_GV_Cascade.reseau_de_la_cascade.Guiers_Vif ()
S  1279.21 scrap4@16_12_2023_GV_Cascade.reseau_de_la_cascade.Guiers_Vif ()
S  1281.15 scrap5@16_12_2023_GV_Cascade.reseau_de_la_cascade.Guiers_Vif ()
S  1301.42 scrap6@16_12_2023_GV_Cascade.reseau_de_la_cascade.Guiers_Vif ()
M  1212.25 upper_chevalier_series_MP@upcs.Guiers_Vif ()
S  1190.33 upperseries-p1@upcs.Guiers_Vif ()
S  1228.87 upperseries-p2@upcs.Guiers_Vif ()
S  1217.56 upperseries-p3@upcs.Guiers_Vif ()
M  1164.66 GV_galerie_des_marmites_1-MP@2024_10_06_GM.Guiers_Vif ()
S  1162.39 GV_061024-p1@2024_10_06_GM.Guiers_Vif ()
S  1167.92 GV_061024-p2@2024_10_06_GM.Guiers_Vif ()
S  1171.58 GV_061024-p3@2024_10_06_GM.Guiers_Vif ()
S  1171.93 GV_061024-p4@2024_10_06_GM.Guiers_Vif ()
S  1166.25 GV_061024-p4bis@2024_10_06_GM.Guiers_Vif ()
S  1175.79 GV_061024-p5@2024_10_06_GM.Guiers_Vif ()
S  1152.64 GV_061024-p6@2024_10_06_GM.Guiers_Vif ()
S  1148.76 GV_061024-p7@2024_10_06_GM.Guiers_Vif ()
M  1153.57 GV_siphon_de_gravier-MP@2024_11_10.Guiers_Vif ()
S  1159.45 scrap1@2024_11_10.Guiers_Vif ()
S  1151.60 scrap2@2024_11_10.Guiers_Vif ()
S  1152.25 scrap3@2024_11_10.Guiers_Vif ()
S  1152.42 scrap4@2024_11_10.Guiers_Vif ()
S  1154.95 scrap5@2024_11_10.Guiers_Vif ()
S  1150.78 scrap6@2024_11_10.Guiers_Vif ()
M  1190.80 gv_1994_06_30_MP@1994_06_30_GV_MEORA.Guiers_Vif (Guiers Vif > 1994_06_30)
S  1168.03 GV_R_stA_SP2@1994_06_30_GV_MEORA.Guiers_Vif ()
S  1172.59 GV_R_stA_SP3@1994_06_30_GV_MEORA.Guiers_Vif ()
S  1176.21 GV_R_stA_SP4@1994_06_30_GV_MEORA.Guiers_Vif ()
S  1181.45 GV_R_stA_SP5@1994_06_30_GV_MEORA.Guiers_Vif ()
S  1186.93 GV_R_stA_SP6@1994_06_30_GV_MEORA.Guiers_Vif ()
S  1190.09 GV_R_stA_SP7@1994_06_30_GV_MEORA.Guiers_Vif ()
S  1182.08 GV_R_stA_SP8@1994_06_30_GV_MEORA.Guiers_Vif ()
S  1176.32 GV_R_stA_SP11@1994_06_30_GV_MEORA.Guiers_Vif ()
S  1185.31 GV_R_stA_SP12@1994_06_30_GV_MEORA.Guiers_Vif ()
S  1193.03 GV_R_stA_SP13@1994_06_30_GV_MEORA.Guiers_Vif ()
S  1197.20 GV_R_stA_SP14@1994_06_30_GV_MEORA.Guiers_Vif ()
S  1201.47 GV_R_stA_SP15@1994_06_30_GV_MEORA.Guiers_Vif ()
S  1237.70 GV_R_stA_SP16@1994_06_30_GV_MEORA.Guiers_Vif ()
S  1197.48 GV_R_stA_SP17@1994_06_30_GV_MEORA.Guiers_Vif ()
S  1201.97 GV_R_stA_SP18@1994_06_30_GV_MEORA.Guiers_Vif ()
S  1206.77 GV_R_stA_SP19@1994_06_30_GV_MEORA.Guiers_Vif ()
S  1194.85 GV_R_stA_SP20@1994_06_30_GV_MEORA.Guiers_Vif ()
S  1197.47 GV_R_stA_SP21@1994_06_30_GV_MEORA.Guiers_Vif ()
S  1210.18 GV_R_stA_SP22@1994_06_30_GV_MEORA.Guiers_Vif ()
S  1201.02 GV_R_stA_SP23@1994_06_30_GV_MEORA.Guiers_Vif ()
S  1208.70 GV_R_stA_SP24@1994_06_30_GV_MEORA.Guiers_Vif ()
S  1218.61 GV_R_stA_SP26@1994_06_30_GV_MEORA.Guiers_Vif ()
S  1228.34 GV_R_stA_SP27@1994_06_30_GV_MEORA.Guiers_Vif ()
S  1192.80 GV_R_stA_SP28@1994_06_30_GV_MEORA.Guiers_Vif ()
S  1196.91 GV_R_stA_SP29@1994_06_30_GV_MEORA.Guiers_Vif ()
S  1210.01 GV_R_stA_SP30@1994_06_30_GV_MEORA.Guiers_Vif ()
S  1189.06 GV_R_stA_SP31@1994_06_30_GV_MEORA.Guiers_Vif ()
S  1183.46 GV_R_stA_SP32@1994_06_30_GV_MEORA.Guiers_Vif ()
S  1177.48 GV_R_stA_SP33@1994_06_30_GV_MEORA.Guiers_Vif ()
S  1143.71 GV_R_stA_SP37@1994_06_30_GV_MEORA.Guiers_Vif ()
S  1148.28 GV_R_stA_SP38@1994_06_30_GV_MEORA.Guiers_Vif ()
S  1143.17 GV_R_stA_SP39@1994_06_30_GV_MEORA.Guiers_Vif ()
S  1138.63 GV_R_stA_SP40@1994_06_30_GV_MEORA.Guiers_Vif ()
S  1142.13 GV_R_stA_SP41@1994_06_30_GV_MEORA.Guiers_Vif ()
S  1147.83 GV_R_stA_SP42@1994_06_30_GV_MEORA.Guiers_Vif ()
S  1154.15 GV_R_stA_SP43@1994_06_30_GV_MEORA.Guiers_Vif ()
S  1183.26 GV_R_stA_SP44@1994_06_30_GV_MEORA.Guiers_Vif ()
S  1210.02 GV_R_stA_SP45@1994_06_30_GV_MEORA.Guiers_Vif ()
S  1252.67 GV_R_stA_SP46@1994_06_30_GV_MEORA.Guiers_Vif ()
S  1267.83 GV_R_stA_SP47@1994_06_30_GV_MEORA.Guiers_Vif ()
S  1276.63 GV_R_stA_SP48@1994_06_30_GV_MEORA.Guiers_Vif ()
S  1169.26 GV_R_stA_SP9@1994_06_30_GV_MEORA.Guiers_Vif ()
S  1163.23 GV_R_stA_SP10@1994_06_30_GV_MEORA.Guiers_Vif ()
M  1150.94 gv_catacombe-MP@2024_06_01.Guiers_Vif ()
S  1134.40 cata-010624-p1@2024_06_01.Guiers_Vif ()
S  1152.44 cata-010624-p2@2024_06_01.Guiers_Vif ()
S  1159.12 cata-010624-p3@2024_06_01.Guiers_Vif ()
S  1157.80 cata-010624-p4@2024_06_01.Guiers_Vif ()
M  1146.05 gv_2024-MP@2024_06_03.Guiers_Vif ()
S  1135.83 GV_030624-p1@2024_06_03.Guiers_Vif ()
S  1141.42 GV_030624-p2@2024_06_03.Guiers_Vif ()
S  1142.18 GV_030624-p3@2024_06_03.Guiers_Vif ()
S  1142.03 GV_030624-p4@2024_06_03.Guiers_Vif ()
S  1140.90 GV_030624-p5@2024_06_03.Guiers_Vif ()
S  1145.80 GV_030624-p6@2024_06_03.Guiers_Vif ()
S  1145.62 GV_030624-p7@2024_06_03.Guiers_Vif ()
S  1146.74 GV_030624-p8@2024_06_03.Guiers_Vif ()
S  1151.05 GV_030624-p9@2024_06_03.Guiers_Vif ()
S  1145.31 GV_030624-p10@2024_06_03.Guiers_Vif ()
S  1154.77 GV_030624-p11@2024_06_03.Guiers_Vif ()
S  1149.36 GV_030624-p12@2024_06_03.Guiers_Vif ()
S  1157.61 GV_030624-p13@2024_06_03.Guiers_Vif ()
M  1095.25 MP-ext@GV_Porche-emergence-tot.Guiers_Vif (exterieur)
S  1095.25 SP-ext1@GV_Porche-emergence-tot.Guiers_Vif ()
########## end of export maps & scraps selection ###############
writing Outputs/Guiers_Vif-tot-5JANV25.pdf ...
####################### metapost log file ########################
This is MetaPost, version 2.01 (TeX Live 2021/W32TeX) (kpathsea version 6.3.3)  5 JAN 2025 09:45
**data.mp
(c:/Program Files/Therion/texmf/mpost/mpost.mp
(c:/Program Files/Therion/texmf/mpost/plain.mp
Preloading the plain mem file, version 1.005) ) (./data.mp
{randomseed:=42}
 [1] [2] [3] [4]
[5] [6] [7] [8] [9] [10] [11] [12] [13] [14]
[15] [1] [2] [3] [4] [5] [6] [7] [8] [9] [10] [11] [12] [13] [14] [15] [16]
[17] [18] [19] [20] [21] [22] [23] [24] [25] [26] [27] [28] [29] [30] [31]
[32] [33] [34] [35] [36] [37] [38] [39] [40] [41] [42] [43] [44] [45] [46]
[47] [48] [49] [50] [51] [52] [53] [54] [55] [56] [57]
[Warning: scrap outline intersects itself in scrap GV7amS1_SP38@1991_12_31_GV_a
mont_S1.Guiers_Vif] [58] [59] [60] [61] [62] [63] [64] [65] [66] [67] [68]
[69] [70] [71] [72] [73] [74] [75] [76] [77] [78] [79] [80] [81] [82] [83]
[84] [85] [86] [87] [88] [89] [90] [91] [92] [93] [94] [95] [96] [97] [98]
[99] [100] [101] [102] [103]
[Warning: scrap outline intersects itself in scrap GV7amS1_SP21@1991_12_31_GV_a
mont_S1.Guiers_Vif] [104] [105] [106] [107] [108] [109] [110] [111] [112] [113]
[114] [115] [116] [117] [118] [119] [120] [121] [122] [123] [124] [125] [126]
[127] [128] [129] [130] [131] [132] [133] [134] [135] [136] [137] [138] [139]
[140] [141]
[Error: area borders l188-20088-45964 and l181-19850-46504 don't intersect in s
crap GV7amS1_SP6@1991_12_31_GV_amont_S1.Guiers_Vif (file Data/Data/1991_12_31_G
V_amont_S1/Data/gv_amontS1_1991_12_31.th2 [226])]
[Error: area borders l181-19850-46504 and l188-20088-45964 don't intersect in s
crap GV7amS1_SP6@1991_12_31_GV_amont_S1.Guiers_Vif (file Data/Data/1991_12_31_G
V_amont_S1/Data/gv_amontS1_1991_12_31.th2 [226])] [142] [143] [144] [145] [146]
[147] [148] [149] [150] [151] [152] [153] [154] [155] [156] [157] [158] [159]
[160] [161] [162] [163] [164] [165] [166] [167] [168] [169] [170] [171] [172]
[173] [174] [175] [176] [177] [178] [179] [180] [181] [182] [183] [184] [185]
[186] [187] [188] [189] [190] [191] [192] [193] [194] [195] [196] [197] [198]
[199] [200] [201] [202] [203] [204] [205] [206] [207] [208] [209] [210] [211]
[212] [213] [214] [215] [216] [217] [218] [219] [220] [221] [222] [223] [224]
[225] [226] [227] [228] [229] [230] [231] [232] [233] [234] [235] [236] [237]
[238] [239] [240]
[Warning: scrap outline intersects itself in scrap GV_061024-p4bis@2024_10_06_G
M.Guiers_Vif] [241] [242] [243] [244]
[Warning: scrap outline intersects itself in scrap GV_061024-p4@2024_10_06_GM.G
uiers_Vif] [245] [246] [247] [248] [249] [250] [251] [252] [253] [254] [255]
[256] [257] [258] [259]
[Error: area borders l115-2154-572 and l107-1855-493 don't intersect in scrap s
crap6@2024_11_10.Guiers_Vif (file Data/Data/2024_11_10_GV_siphon_de_gravier/Dat
a/GV_siphon_de_gravier.th2 [416])]
[Error: area borders l116-2216-590 and l115-2154-572 don't intersect in scrap s
crap6@2024_11_10.Guiers_Vif (file Data/Data/2024_11_10_GV_siphon_de_gravier/Dat
a/GV_siphon_de_gravier.th2 [416])] [260] [261] [262] [263] [264] [265] [266]
[267]
[Warning: scrap outline intersects itself in scrap scrap4@2024_11_10.Guiers_Vif
] [268] [269] [270] [271] [272] [273] [274] [275] [276] [277] [278] [279] [280]
[281] [282] [283] [284] [285] [286] [287] [288] [289] [290] [291] [292] [293]
[294] [295] [296] [297] [298] [299] [300] [301] [302] [303] [304] [305] [306]
[307] [308] [309]
[Warning: scrap outline intersects itself in scrap GV_R_stA_SP39@1994_06_30_GV_
MEORA.Guiers_Vif] [310] [311] [312] [313] [314] [315] [316] [317] [318] [319]
[320] [321] [322] [323] [324] [325] [326] [327] [328] [329] [330] [331] [332]
[333] [334] [335] [336] [337] [338] [339] [340] [341] [342] [343] [344] [345]
[346] [347] [348] [349]
[Warning: scrap outline intersects itself in scrap GV_R_stA_SP21@1994_06_30_GV_
MEORA.Guiers_Vif] [350] [351] [352] [353] [354] [355] [356] [357] [358] [359]
[360] [361] [362] [363] [364] [365] [366] [367] [368] [369] [370] [371] [372]
[373] [374] [375] [376] [377] [378] [379]
[Warning: scrap outline intersects itself in scrap GV_R_stA_SP11@1994_06_30_GV_
MEORA.Guiers_Vif] [380] [381] [382] [383] [384] [385] [386] [387] [388] [389]
[390] [391] [392] [393] [394] [395] [396] [397] [398] [399] [400] [401] [402]
[403] [404] [405] [406] [407] [408] [409] [410] [411] [412] [413] [414] [415]
[416] [417] [418] [419] [420] [421] [422] [423] [424] [425] [426] [427] [428]
[429] [430] [431] [432] [433] [434] [435] [436] [437] [438] [439] [440] [441]
[442] [443] [444] [445] [446] [447] [448] [449] [450] [451] [452] [453] [454]
[455] [456] [457] [458] [459] [460] [461] [462] [463] [464] [465] [466] [467]
[468] [469] [470] [471] (./mptextmp.mp) [472] (./mptextmp.mp) (./mptextmp.mp)
(./mptextmp.mp) (./mptextmp.mp) (./mptextmp.mp) (./mptextmp.mp) [473]
(./mptextmp.mp) (./mptextmp.mp) (./mptextmp.mp) (./mptextmp.mp) (./mptextmp.mp)
(./mptextmp.mp) [474] )
 
Here is how much of MetaPost's memory you used:
 136515 strings using 3303554 characters
 6139112 bytes of node memory
 1756 symbolic tokens
 11i,82n,19p,696b,5f stack positions out of 16i,98n,20p,760b,6f
489 output files written: data-patt.1 .. data.474


#################### end of metapost log file ####################
converting scraps ... done
making map ... done
######################## pdftex log file #########################
This is pdfTeX, Version 3.141592653-2.6-1.40.22 (TeX Live 2021/W32TeX) (preloaded format=pdfetex 2023.12.2)  5 JAN 2025 09:45
entering extended mode
**data.tex
(./data.tex (./th_enc.tex) (./th_texts.tex) (./th_resources.tex
(c:/Program Files/Therion/texmf/tex/glyphtounicode.tex)) (./th_fontdef.tex{c:/P
rogram Files/Therion/texmf/fonts/pdftex.map}<<th_gour_aaaaaaa.dat>><<th_gour_aa
aaaac.dat>><<th_gour_aaaaaaf.dat>><<th_gour_aaaaaah.dat>><<th_gour_aaaaaaj.dat>
><<th_gour_aaaaabb.dat>><<th_gour_aaaaabd.dat>><<th_gour_aaaaabf.dat>><<th_gour
_aaaaabh.dat>><<th_gour_aaaaabj.dat>><<th_gour_aaaaacb.dat>><<th_gour_aaaaacd.d
at>><<th_gour_aaaaacf.dat>><<th_gour_aaaaach.dat>><<th_gour_aaaaacj.dat>><<th_g
our_aaaaadb.dat>><<th_gour_aaaaadd.dat>><<th_gour_aaaaadf.dat>><<th_gour_aaaaad
h.dat>><<th_gour_aaaaadj.dat>><<th_gour_aaaaaeb.dat>><<th_gour_aaaaaed.dat>><<t
h_gour_aaaaaef.dat>><<th_gour_aaaaaeh.dat>><<th_gour_aaaaaej.dat>><<th_gour_aaa
aafb.dat>><<th_gour_aaaaafd.dat>><<th_gour_aaaaaff.dat>><<th_gour_aaaaafh.dat>>
<<th_gour_aaaaafj.dat>><<th_gour_aaaaagb.dat>><<th_gour_aaaaagd.dat>><<th_gour_
aaaaagf.dat>><<th_gour_aaaaagh.dat>><<th_gour_aaaaagj.dat>><<th_gour_aaaaahb.da
t>><<th_gour_aaaaahd.dat>><<th_gour_aaaaahf.dat>><<th_gour_aaaaahh.dat>><<th_go
ur_aaaaahj.dat>><<th_gour_aaaaaib.dat>><<th_gour_aaaaaid.dat>><<th_gour_aaaaaif
.dat>><<th_gour_aaaaaih.dat>><<th_gour_aaaaaij.dat>><<th_gour_aaaaajb.dat>><<th
_gour_aaaaajd.dat>><<th_gour_aaaaajf.dat>><<th_gour_aaaaajh.dat>><<th_gour_aaaa
ajj.dat>><<th_gour_aaaabab.dat>><<th_gour_aaaabad.dat>><<th_gour_aaaabaf.dat>><
<th_gour_aaaabah.dat>><<th_gour_aaaabaj.dat>><<th_gour_aaaabbb.dat>><<th_gour_a
aaabbd.dat>><<th_gour_aaaabbf.dat>><<th_gour_aaaabbh.dat>><<th_gour_aaaabbj.dat
>><<th_gour_aaaabcb.dat>><<th_gour_aaaabcd.dat>><<th_gour_aaaabcf.dat>><<th_gou
r_aaaabch.dat>><<th_gour_aaaabcj.dat>><<th_gour_aaaabdb.dat>><<th_gour_aaaabdd.
dat>><<th_gour_aaaabdf.dat>><<th_gour_aaaabdh.dat>><<th_gour_aaaabdj.dat>><<th_
gour_aaaabeb.dat>><<th_gour_aaaabed.dat>><<th_gour_aaaabef.dat>><<th_gour_aaaab
eh.dat>><<th_gour_aaaabej.dat>><<th_gour_aaaabfb.dat>><<th_gour_aaaabfd.dat>><<
th_gour_aaaabff.dat>><<th_gour_aaaabfh.dat>><<th_gour_aaaabfj.dat>><<th_gour_aa
aabgb.dat>><<th_gour_aaaabgd.dat>><<th_gour_aaaabgf.dat>><<th_gour_aaaabgh.dat>
><<th_gour_aaaabgj.dat>><<th_gour_aaaabhb.dat>><<th_gour_aaaabhd.dat>><<th_gour
_aaaabhf.dat>><<th_gour_aaaabhh.dat>><<th_gour_aaaabhj.dat>><<th_gour_aaaabib.d
at>><<th_gour_aaaabid.dat>><<th_gour_aaaabif.dat>><<th_gour_aaaabih.dat>><<th_g
our_aaaabij.dat>><<th_gour_aaaabjb.dat>><<th_gour_aaaabjd.dat>><<th_gour_aaaabj
f.dat>><<th_gour_aaaabjh.dat>><<th_gour_aaaabjj.dat>><<th_gour_aaaacab.dat>><<t
h_gour_aaaacad.dat>><<th_gour_aaaacaf.dat>><<th_gour_aaaacah.dat>><<th_gour_aaa
acaj.dat>><<th_gour_aaaacbb.dat>><<th_gour_aaaacbd.dat>><<th_gour_aaaacbf.dat>>
<<th_gour_aaaacbh.dat>><<th_gour_aaaacbj.dat>><<th_gour_aaaaccb.dat>><<th_gour_
aaaaccd.dat>><<th_gour_aaaaccf.dat>><<th_gour_aaaacch.dat>><<th_gour_aaaaccj.da
t>><<th_gour_aaaacdb.dat>><<th_gour_aaaacdd.dat>><<th_gour_aaaacdf.dat>><<th_go
ur_aaaacdh.dat>><<th_gour_aaaacdj.dat>><<th_gour_aaaaceb.dat>><<th_gour_aaaaced
.dat>><<th_gour_aaaacef.dat>><<th_gour_aaaaceh.dat>><<th_gour_aaaacej.dat>><<th
_gour_aaaacfb.dat>><<th_gour_aaaacfd.dat>><<th_gour_aaaacff.dat>><<th_gour_aaaa
cfh.dat>><<th_gour_aaaacfj.dat>><<th_gour_aaaacgb.dat>><<th_gour_aaaacgc.dat>><
<th_gour_aaaacge.dat>><<th_gour_aaaacgg.dat>><<th_gour_aaaacgi.dat>><<th_gour_a
aaacha.dat>><<th_gour_aaaachc.dat>><<th_gour_aaaache.dat>><<th_gour_aaaachg.dat
>><<th_gour_aaaachi.dat>><<th_gour_aaaacia.dat>><<th_gour_aaaacic.dat>><<th_gou
r_aaaacie.dat>><<th_gour_aaaacig.dat>><<th_gour_aaaacii.dat>>)
(./th_formdef.tex
Normal \count register pool exhausted, switching to extended pool.)
(./th_pagedef.tex (./th_legendcolor.tex)) (./th_pages.tex)
 253 numeric registers used out of 32768
 [1] ) 
Here is how much of TeX's memory you used:
 1658 strings out of 95671
 20735 string characters out of 1192323
 279520 words of memory out of 1744563
 3047 multiletter control sequences out of 15000+50000
 24129 words of font info for 73 fonts, out of 1000000 for 2000
 844 hyphenation exceptions out of 5000
 10i,6n,9p,1703b,54s stack positions out of 5000i,500n,10000p,200000b,50000s
<c:/Program Files/Therion/texmf/fonts/type1/cmbx10.pfb><c:/Program Files/
Therion/texmf/fonts/type1/cmss10.pfb><c:/Program Files/Therion/texmf/fonts/type
1/cmssi10.pfb><c:/Program Files/Therion/texmf/fonts/type1/cmti10.pfb><c:/Progra
m Files/Therion/texmf/fonts/type1/csss10.pfb><c:/Program Files/Therion/texmf/fo
nts/type1/csssi10.pfb>
Output written on data.pdf (1 page, 2164381 bytes).
PDF statistics:
 2866 PDF objects out of 2984 (max. 8388607)
 1435 compressed objects within 15 object streams
 0 named destinations out of 1000 (max. 500000)
 8745 words of extra memory for PDF output out of 10000 (max. 10000000)


##################### end of pdftex log file #####################
done
writing xtherion file ... done
compilation time: 12 sec


######################### loop errors ##########################
REL-ERR ABS-ERR TOTAL-L STS X-ERROR Y-ERROR Z-ERROR STATIONS
 17.80%    7.4m   41.7m   5   -3.5m    4.1m    5.1m [43@GV_S1-S2.Intersiphon_S1_S2.Guiers_Vif - 42 - 40 - 41 = b204@gv_amontS1_1991_12_31.1991_12_31_GV_amont_S1.Guiers_Vif - b205 - b206 = 43@GV_S1-S2.Intersiphon_S1_S2.Guiers_Vif]
 10.19%    4.8m   47.2m   6    2.3m   -4.0m    1.5m [45@Grotte_GV.2024_06_03.Guiers_Vif - 60 - 59 - 58 - 57 - 48 - 45]
  9.42%   35.7m  378.6m  37   -7.0m    2.7m   34.9m [11@GV_Porche-emergence.GV_Porche-emergence-tot.Guiers_Vif - 10 - 9 - 8 - 7 - 6 - 5 - 4 - 3 - 2 - 1 - 0 = 0@Grotte_GV.2024_06_03.Guiers_Vif - 1 - 2 - 3 - 4 - 5 - 101 - 100 - 99 - 98 - 97 - 96 - 39 - 46 - 45 - 60 - 59 - 58 - 62 - 63 - 74 - 75 - 76 - 77 - 78 - 79 - 89]
  8.28%   31.1m  375.3m  36   25.2m   18.1m   -1.6m [0@GV_S1-S2.Intersiphon_S1_S2.Guiers_Vif - 3 - 4 - 5 - 6 - 7 - 8 - 9 - 10 - 11 - 12 - 13 - 14 - 15 - 16 - 35 - 36 - 37 - 38 - 39 - 40 - 41 = b204@gv_amontS1_1991_12_31.1991_12_31_GV_amont_S1.Guiers_Vif - b203 - b202 - b201 - b200 - b199 - b198 - b197 - b196 - b195 - b194 - b193 - b192 - b191 - b190 - b189 = 0@GV_S1-S2.Intersiphon_S1_S2.Guiers_Vif]
  7.97%   33.3m  418.1m  42    5.6m   -8.9m  -31.6m [89@Grotte_GV.2024_06_03.Guiers_Vif - 88 - 87 - 86 - 85 - 84 - 82 - 83 = 27@GV_Catacombes.2024_06_01.Guiers_Vif - 26 - 25 - 24 - 23 - 22 - 21 - 20 - 19 - 18 - 17 - 13 - 12 - 11 - 10 - 9 - 8 - 7 - 6 - 5 - 4 - 3 - 2 - 1 - 0 = 0@GV_Porche-emergence.GV_Porche-emergence-tot.Guiers_Vif - 1 - 2 - 3 - 4 - 5 - 6 - 7 - 8 - 9 - 10 - 11]
  4.15%    2.5m   59.1m  12   -2.4m   -0.6m   -0.3m [48@Grotte_GV.2024_06_03.Guiers_Vif - 49 - 50 - 51 - 52 - 55 - 42 - 41 - 40 - 43 - 44 - 45 - 48]
  2.88%    1.0m   35.3m   6    0.2m   -0.8m   -0.6m [29@Grotte_GV.2024_06_03.Guiers_Vif - 24 - 25 - 26 - 27 - 28 - 29]
  1.79%    4.1m  228.0m  23   -0.1m    3.1m    2.7m [5@Grotte_GV.2024_06_03.Guiers_Vif - 101 - 100 - 99 - 98 - 97 - 96 - 39 - 38 - 37 - 33 - 32 - 29 - 24 - 23 - 22 - 21 - 11 - 10 - 9 - 8 - 7 - 6 - 5]
  1.53%    0.8m   50.2m   6   -0.1m    0.5m    0.6m [39@Grotte_GV.2024_06_03.Guiers_Vif - 46 - 45 - 44 - 43 - 40 - 39]
  0.31%    0.4m  121.6m  15    0.2m    0.3m   -0.0m [63@Grotte_GV.2024_06_03.Guiers_Vif - 81 - 82 - 84 - 85 - 86 - 87 - 88 - 89 - 79 - 78 - 77 - 76 - 75 - 74 - 63]
  0.01%    0.2m 1623.0m 128   -0.1m    0.1m    0.1m [b204@gv_amontS1_1991_12_31.1991_12_31_GV_amont_S1.Guiers_Vif - b217 - b218 - b219 - b220 - b221 - b222 - b223 - b224 - b225 - b226 - b227 - b228 - b229 - b230 - b231 - b232 - b233 - b234 - b235 - b236 - b237 = b164 - b163 - b162 - b160X - b160' - b160 - b159 - b158 - b156a - b156 - b145' - b145 - b144 - b143 - b142 - b141 - b140 - b139 - b138 - b137 - b136 - b135 - b134 - b133 - b132 - b131 - b130 - b129 - b128 - b127 - b126 - b125 - b124 - b123 - b122 - b121 - b120 - b119 - b118 - b111' - b111 - b110 - b109 - b108 - b107 - b106 - b105 - b104 - b103 - b102 - b93X - b93' - b93 - b92 - b91c - b91b - b91a - b91 - b90 - b79 - b78 - b77 - b42X - b42 - b42' - b43 - b44 - b45 - b46 - b47 - b48 - b49 - b50 - b51 - b52 - b53 - b54 - b55 - b56 - b57 - b58 - b59 - b60 - b61 - b62 - b63 - b64 - b65 - b66 - b186 - b187 - b188 - b189 - b190 - b191 - b192 - b193 - b194 - b195 - b196 - b197 - b198 - b199 - b200 - b201 - b202 - b203 - b204]
##################### end of loop errors #######################


###################### scrap distortions #######################
 PROJECTION: plan
 AVERAGE  MAXIMAL  SCRAP
   2.74%   87.28%  GV_030624-p3@2024_06_03.Guiers_Vif
   1.71%   76.13%  GV7amS1_SP16@1991_12_31_GV_amont_S1.Guiers_Vif
   5.31%   63.56%  GV_S1-S2-1p@Intersiphon_S1_S2.Guiers_Vif
   4.02%   62.03%  GV7amS1_SP24@1991_12_31_GV_amont_S1.Guiers_Vif
   3.24%   61.66%  GV_R_stA_SP37@1994_06_30_GV_MEORA.Guiers_Vif
   1.25%   60.37%  scrap1@16_12_2023_GV_Cascade.reseau_de_la_cascade.Guiers_Vif
   2.96%   56.94%  GV7amS1_SP21@1991_12_31_GV_amont_S1.Guiers_Vif
   4.01%   46.95%  GV7amS1_SP14@1991_12_31_GV_amont_S1.Guiers_Vif
   0.68%   45.50%  scrap5@10_07_2022_GV_Cascade.reseau_de_la_cascade.Guiers_Vif
   6.13%   45.14%  cata-010624-p4@2024_06_01.Guiers_Vif
   0.79%   42.35%  GV_030624-p11@2024_06_03.Guiers_Vif
   1.10%   39.39%  GV_030624-p13@2024_06_03.Guiers_Vif
   0.86%   37.03%  GV_061024-p2@2024_10_06_GM.Guiers_Vif
   0.68%   36.95%  GV7amS1_SP5@1991_12_31_GV_amont_S1.Guiers_Vif
   0.48%   32.34%  GV7amS1_SP6@1991_12_31_GV_amont_S1.Guiers_Vif
   1.29%   30.68%  SP-E3devantS4-1@Intersiphon_S1_S2.Guiers_Vif
   0.23%   29.94%  GV_061024-p1@2024_10_06_GM.Guiers_Vif
   1.67%   29.25%  GV_R_stA_SP2@1994_06_30_GV_MEORA.Guiers_Vif
   4.73%   28.06%  GV7amS1_SP12@1991_12_31_GV_amont_S1.Guiers_Vif
   3.49%   26.89%  GV7amS1_SP10@1991_12_31_GV_amont_S1.Guiers_Vif
   0.16%   17.58%  GV7amS1_SP20@1991_12_31_GV_amont_S1.Guiers_Vif
   0.58%   16.87%  GV_030624-p12@2024_06_03.Guiers_Vif
   0.41%   13.30%  cata-010624-p3@2024_06_01.Guiers_Vif
   4.31%   12.51%  GV7amS1_SP13@1991_12_31_GV_amont_S1.Guiers_Vif
   0.68%   10.40%  GV_030624-p1@2024_06_03.Guiers_Vif
   1.11%    9.15%  cata-010624-p2@2024_06_01.Guiers_Vif
   0.50%    8.23%  GV7amS1_SP28@1991_12_31_GV_amont_S1.Guiers_Vif
   3.16%    8.05%  GV7amS1_SP11@1991_12_31_GV_amont_S1.Guiers_Vif
   1.09%    7.01%  SP-ext1@GV_Porche-emergence-tot.Guiers_Vif
   0.52%    7.01%  GV7amS1_SP33@1991_12_31_GV_amont_S1.Guiers_Vif
   0.83%    6.96%  GV7amS1_SP38@1991_12_31_GV_amont_S1.Guiers_Vif
   0.54%    6.50%  GV7amS1_SP7@1991_12_31_GV_amont_S1.Guiers_Vif
   0.39%    5.57%  GV7amS1_SP27@1991_12_31_GV_amont_S1.Guiers_Vif
   0.30%    4.92%  GV7amS1_SP23@1991_12_31_GV_amont_S1.Guiers_Vif
   0.34%    3.90%  scrap2@05_01_2024_GV_Cascade.reseau_de_la_cascade.Guiers_Vif
   0.53%    3.81%  upperseries-p3@upcs.Guiers_Vif
   0.19%    3.44%  upperseries-p1@upcs.Guiers_Vif
   0.04%    3.16%  GV_030624-p8@2024_06_03.Guiers_Vif
   0.34%    3.10%  GV_030624-p9@2024_06_03.Guiers_Vif
   0.45%    3.03%  GV7amS1_SP29@1991_12_31_GV_amont_S1.Guiers_Vif
   0.16%    2.68%  GV_R_stA_SP32@1994_06_30_GV_MEORA.Guiers_Vif
   0.66%    2.61%  GV7amS1_SP32@1991_12_31_GV_amont_S1.Guiers_Vif
   0.66%    2.29%  GV7amS1_SP29_bis@1991_12_31_GV_amont_S1.Guiers_Vif
   0.32%    2.19%  GV_R_stA_SP27@1994_06_30_GV_MEORA.Guiers_Vif
   0.05%    2.16%  GV7amS1_SP48@1991_12_31_GV_amont_S1.Guiers_Vif
   0.13%    2.00%  GV_R_stA_SP29@1994_06_30_GV_MEORA.Guiers_Vif
   0.71%    1.81%  GV_R_stA_SP26@1994_06_30_GV_MEORA.Guiers_Vif
   0.06%    1.74%  GV_R_stA_SP15@1994_06_30_GV_MEORA.Guiers_Vif
   0.26%    1.58%  GV_R_stA_SP31@1994_06_30_GV_MEORA.Guiers_Vif
   0.18%    1.24%  GV7amS1_SP25@1991_12_31_GV_amont_S1.Guiers_Vif
   0.38%    1.23%  GV_R_stA_SP47@1994_06_30_GV_MEORA.Guiers_Vif
   0.26%    1.14%  GV_R_stA_SP48@1994_06_30_GV_MEORA.Guiers_Vif
   0.27%    1.10%  GV_R_stA_SP33@1994_06_30_GV_MEORA.Guiers_Vif
   0.12%    1.09%  GV7amS1_SP34@1991_12_31_GV_amont_S1.Guiers_Vif
   0.34%    0.97%  GV_R_stA_SP16@1994_06_30_GV_MEORA.Guiers_Vif
   0.28%    0.97%  cata-010624-p1@2024_06_01.Guiers_Vif
   0.10%    0.92%  GV7amS1_SP18@1991_12_31_GV_amont_S1.Guiers_Vif
   0.23%    0.92%  GV7amS1_SP26@1991_12_31_GV_amont_S1.Guiers_Vif
   0.22%    0.90%  GV7amS1_SP47@1991_12_31_GV_amont_S1.Guiers_Vif
   0.32%    0.87%  GV_R_stA_SP10@1994_06_30_GV_MEORA.Guiers_Vif
   0.12%    0.86%  GV_R_stA_SP24@1994_06_30_GV_MEORA.Guiers_Vif
   0.31%    0.83%  GV7amS1_SP9@1991_12_31_GV_amont_S1.Guiers_Vif
   0.09%    0.81%  GV7amS1_SP35@1991_12_31_GV_amont_S1.Guiers_Vif
   0.13%    0.78%  scrap1@05_01_2024_GV_Cascade.reseau_de_la_cascade.Guiers_Vif
   0.26%    0.72%  GV7amS1_SP30@1991_12_31_GV_amont_S1.Guiers_Vif
   0.05%    0.71%  GV_030624-p7@2024_06_03.Guiers_Vif
   0.20%    0.53%  GV7amS1_SP8@1991_12_31_GV_amont_S1.Guiers_Vif
   0.06%    0.52%  GV7amS1_SP36@1991_12_31_GV_amont_S1.Guiers_Vif
   0.01%    0.43%  GV_R_stA_SP9@1994_06_30_GV_MEORA.Guiers_Vif
   0.05%    0.40%  GV7amS1_SP45@1991_12_31_GV_amont_S1.Guiers_Vif
   0.01%    0.38%  GV7amS1_SP39@1991_12_31_GV_amont_S1.Guiers_Vif
   0.03%    0.34%  GV_030624-p5@2024_06_03.Guiers_Vif
   0.02%    0.15%  upperseries-p2@upcs.Guiers_Vif
   0.00%    0.14%  GV_030624-p10@2024_06_03.Guiers_Vif
   0.01%    0.11%  scrap62@12_03_2022_GV_Cascade.reseau_de_la_cascade.Guiers_Vif
   0.01%    0.10%  GV_061024-p4@2024_10_06_GM.Guiers_Vif
   0.00%    0.09%  scrap2@2024_11_10.Guiers_Vif
   0.00%    0.09%  GV_030624-p6@2024_06_03.Guiers_Vif
   0.00%    0.07%  scrap3@10_07_2022_GV_Cascade.reseau_de_la_cascade.Guiers_Vif
   0.01%    0.07%  GV_030624-p4@2024_06_03.Guiers_Vif
   0.00%    0.06%  GV_061024-p7@2024_10_06_GM.Guiers_Vif
   0.01%    0.06%  GV_030624-p2@2024_06_03.Guiers_Vif
   0.00%    0.06%  scrap4@10_07_2022_GV_Cascade.reseau_de_la_cascade.Guiers_Vif
   0.01%    0.06%  scrap42@12_03_2022_GV_Cascade.reseau_de_la_cascade.Guiers_Vif
   0.00%    0.05%  GV_061024-p5@2024_10_06_GM.Guiers_Vif
   0.00%    0.05%  scrap3@16_12_2023_GV_Cascade.reseau_de_la_cascade.Guiers_Vif
   0.00%    0.04%  scrap4@16_12_2023_GV_Cascade.reseau_de_la_cascade.Guiers_Vif
   0.00%    0.04%  scrap22@12_03_2022_GV_Cascade.reseau_de_la_cascade.Guiers_Vif
   0.01%    0.04%  GV_061024-p4bis@2024_10_06_GM.Guiers_Vif
   0.00%    0.04%  GV_061024-p6@2024_10_06_GM.Guiers_Vif
   0.00%    0.03%  scrap2@10_07_2022_GV_Cascade.reseau_de_la_cascade.Guiers_Vif
   0.00%    0.03%  scrap1@2024_11_10.Guiers_Vif
   0.00%    0.03%  scrap6@16_12_2023_GV_Cascade.reseau_de_la_cascade.Guiers_Vif
   0.00%    0.03%  scrap2@16_12_2023_GV_Cascade.reseau_de_la_cascade.Guiers_Vif
   0.00%    0.03%  scrap52@12_03_2022_GV_Cascade.reseau_de_la_cascade.Guiers_Vif
   0.00%    0.03%  scrap1@10_07_2022_GV_Cascade.reseau_de_la_cascade.Guiers_Vif
   0.00%    0.03%  scrap32@12_03_2022_GV_Cascade.reseau_de_la_cascade.Guiers_Vif
   0.00%    0.03%  GV_061024-p3@2024_10_06_GM.Guiers_Vif
   0.00%    0.02%  scrap4@2024_11_10.Guiers_Vif
   0.00%    0.02%  scrap3@2024_11_10.Guiers_Vif
   0.00%    0.02%  scrap5@16_12_2023_GV_Cascade.reseau_de_la_cascade.Guiers_Vif
   0.00%    0.02%  scrap6@2024_11_10.Guiers_Vif
   0.00%    0.02%  GV_R_stA_SP14@1994_06_30_GV_MEORA.Guiers_Vif
   0.00%    0.02%  GV_R_stA_SP41@1994_06_30_GV_MEORA.Guiers_Vif
   0.00%    0.01%  scrap12@12_03_2022_GV_Cascade.reseau_de_la_cascade.Guiers_Vif
   0.00%    0.01%  scrap3@05_01_2024_GV_Cascade.reseau_de_la_cascade.Guiers_Vif
   0.00%    0.01%  GV_R_stA_SP46@1994_06_30_GV_MEORA.Guiers_Vif
   0.00%    0.01%  GV_R_stA_SP7@1994_06_30_GV_MEORA.Guiers_Vif
   0.00%    0.01%  GV_R_stA_SP12@1994_06_30_GV_MEORA.Guiers_Vif
   0.00%    0.01%  GV7amS1_SP40@1991_12_31_GV_amont_S1.Guiers_Vif
   0.00%    0.01%  GV_R_stA_SP28@1994_06_30_GV_MEORA.Guiers_Vif
   0.00%    0.01%  GV7amS1_SP41@1991_12_31_GV_amont_S1.Guiers_Vif
   0.00%    0.01%  GV_R_stA_SP5@1994_06_30_GV_MEORA.Guiers_Vif
   0.00%    0.01%  GV_R_stA_SP45@1994_06_30_GV_MEORA.Guiers_Vif
   0.00%    0.01%  GV_R_stA_SP44@1994_06_30_GV_MEORA.Guiers_Vif
   0.00%    0.01%  GV7amS1_SP53@1991_12_31_GV_amont_S1.Guiers_Vif
   0.00%    0.01%  GV_R_stA_SP8@1994_06_30_GV_MEORA.Guiers_Vif
   0.00%    0.01%  GV_R_stA_SP13@1994_06_30_GV_MEORA.Guiers_Vif
   0.00%    0.01%  GV_R_stA_SP19@1994_06_30_GV_MEORA.Guiers_Vif
   0.00%    0.01%  GV7amS1_SP17@1991_12_31_GV_amont_S1.Guiers_Vif
   0.00%    0.01%  GV_R_stA_SP40@1994_06_30_GV_MEORA.Guiers_Vif
   0.00%    0.01%  GV_R_stA_SP6@1994_06_30_GV_MEORA.Guiers_Vif
   0.00%    0.01%  GV7amS1_SP52@1991_12_31_GV_amont_S1.Guiers_Vif
   0.00%    0.01%  GV_R_stA_SP4@1994_06_30_GV_MEORA.Guiers_Vif
   0.00%    0.01%  GV_R_stA_SP42@1994_06_30_GV_MEORA.Guiers_Vif
   0.00%    0.01%  scrap5@2024_11_10.Guiers_Vif
   0.00%    0.01%  GV_R_stA_SP20@1994_06_30_GV_MEORA.Guiers_Vif
   0.00%    0.00%  GV_R_stA_SP23@1994_06_30_GV_MEORA.Guiers_Vif
   0.00%    0.00%  GV_R_stA_SP21@1994_06_30_GV_MEORA.Guiers_Vif
   0.00%    0.00%  GV_R_stA_SP22@1994_06_30_GV_MEORA.Guiers_Vif
   0.00%    0.00%  GV_R_stA_SP39@1994_06_30_GV_MEORA.Guiers_Vif
   0.00%    0.00%  GV_R_stA_SP11@1994_06_30_GV_MEORA.Guiers_Vif
   0.00%    0.00%  GV_R_stA_SP30@1994_06_30_GV_MEORA.Guiers_Vif
   0.00%    0.00%  GV_R_stA_SP43@1994_06_30_GV_MEORA.Guiers_Vif
   0.00%    0.00%  GV_R_stA_SP17@1994_06_30_GV_MEORA.Guiers_Vif
   0.00%    0.00%  GV7amS1_SP44@1991_12_31_GV_amont_S1.Guiers_Vif
   0.00%    0.00%  GV_R_stA_SP18@1994_06_30_GV_MEORA.Guiers_Vif
   0.00%    0.00%  GV_R_stA_SP38@1994_06_30_GV_MEORA.Guiers_Vif
   0.00%    0.00%  GV7amS1_SP49@1991_12_31_GV_amont_S1.Guiers_Vif
   0.00%    0.00%  GV7amS1_SP37@1991_12_31_GV_amont_S1.Guiers_Vif
   0.00%    0.00%  GV7amS1_SP19@1991_12_31_GV_amont_S1.Guiers_Vif
   0.00%    0.00%  GV7amS1_SP43@1991_12_31_GV_amont_S1.Guiers_Vif
   0.00%    0.00%  GV7amS1_SP22@1991_12_31_GV_amont_S1.Guiers_Vif
   0.00%    0.00%  GV7amS1_SP50@1991_12_31_GV_amont_S1.Guiers_Vif
   0.00%    0.00%  GV7amS1_SP46@1991_12_31_GV_amont_S1.Guiers_Vif
   0.00%    0.00%  GV_R_stA_SP3@1994_06_30_GV_MEORA.Guiers_Vif
   0.00%    0.00%  GV7amS1_SP42@1991_12_31_GV_amont_S1.Guiers_Vif
   0.00%    0.00%  GV7amS1_SP51@1991_12_31_GV_amont_S1.Guiers_Vif
   0.00%    0.00%  GV7amS1_SP15@1991_12_31_GV_amont_S1.Guiers_Vif
   0.00%    0.00%  scrap1@03-01-2024_GV-calage.Guiers_Vif
   0.00%    0.00%  GV7amS1_SP55@1991_12_31_GV_amont_S1.Guiers_Vif
   0.00%    0.00%  GV7amS1_SP54@1991_12_31_GV_amont_S1.Guiers_Vif
   0.00%    0.00%  GV7amS1_SP31@1991_12_31_GV_amont_S1.Guiers_Vif
################### end of scrap distortions ###################

############# CRS transformations chosen by PROJ ###############
  Area of Use (AoU): (5.890, 45.389) (5.892, 45.391)
  [UTM31 → LONG-LAT] AoU: [yes] transformation: [Inverse of UTM zone 31N + axis order change (2D)] definition: [proj=pipeline step inv proj=utm zone=31 ellps=WGS84 step proj=unitconvert xy_in=rad xy_out=deg] accuracy: [0.000 m]
  [UTM31 → LAT-LONG] AoU: [no] transformation: [Inverse of UTM zone 31N + axis order change (2D)] definition: [proj=pipeline step inv proj=utm zone=31 ellps=WGS84 step proj=unitconvert xy_in=rad xy_out=deg] accuracy: [0.000 m]
  [UTM31 → UTM31] AoU: [yes] transformation: [Inverse of UTM zone 31N + UTM zone 31N] definition: [proj=noop ellps=GRS80] accuracy: [0.000 m]
  [UTM31 → EPSG:4326] AoU: [yes] transformation: [Inverse of UTM zone 31N + axis order change (2D)] definition: [proj=pipeline step inv proj=utm zone=31 ellps=WGS84 step proj=unitconvert xy_in=rad xy_out=deg] accuracy: [0.000 m]
  [EPSG:4326 → UTM31] AoU: [yes] transformation: [axis order change (2D) + UTM zone 31N] definition: [proj=pipeline step proj=unitconvert xy_in=deg xy_out=rad step proj=utm zone=31 ellps=WGS84] accuracy: [0.000 m]
########## end of CRS transformations chosen by PROJ ###########
